C51 COMPILER V9.59.0.0   MAIN                                                              01/28/2022 14:18:39 PAGE 1   


C51 COMPILER V9.59.0.0, COMPILATION OF MODULE MAIN
OBJECT MODULE PLACED IN .\Objects\main.obj
COMPILER INVOKED BY: C:\Program Files\MDK\C51\BIN\C51.EXE main.c OPTIMIZE(8,SPEED) BROWSE INCDIR(.\Inc) DEBUG OBJECTEXTE
                    -ND PRINT(.\Listings\main.lst) TABS(2) OBJECT(.\Objects\main.obj)

line level    source

   1          #include"regx52.h"
   2          #include"Delayms.h"
   3          
   4          unsigned char LEDNum;
   5          void main()
   6          {
   7   1        
   8   1        while(1)
   9   1        {
  10   2          LEDNum=0x7F;
  11   2          if(P3_1==0)
  12   2          {
  13   3            Delayms(20);
  14   3            while(P3_1==0);
  15   3            Delayms(20);
  16   3            
  17   3            LEDNum++;
  18   3            if(LEDNum>=8)
  19   3              LEDNum=0;
  20   3            P2=~(0x01<<LEDNum);
  21   3          }
  22   2          if(P3_0==0)
  23   2          {
  24   3            Delayms(20);
  25   3            while(P3_0==0);
  26   3            Delayms(20);
  27   3      
  28   3            if(LEDNum==0)
  29   3              LEDNum=7;
  30   3            else 
  31   3              LEDNum--;
  32   3            P2=~(0x01<<LEDNum);
  33   3          }
  34   2        } 
  35   1      }


MODULE INFORMATION:   STATIC OVERLAYABLE
   CODE SIZE        =     96    ----
   CONSTANT SIZE    =   ----    ----
   XDATA SIZE       =   ----    ----
   PDATA SIZE       =   ----    ----
   DATA SIZE        =      1    ----
   IDATA SIZE       =   ----    ----
   BIT SIZE         =   ----    ----
END OF MODULE INFORMATION.


C51 COMPILATION COMPLETE.  0 WARNING(S),  0 ERROR(S)
