C51 COMPILER V9.59.0.0   MAIN                                                              01/29/2022 19:26:51 PAGE 1   


C51 COMPILER V9.59.0.0, COMPILATION OF MODULE MAIN
OBJECT MODULE PLACED IN .\Objects\main.obj
COMPILER INVOKED BY: C:\Program Files\MDK\C51\BIN\C51.EXE main.c OPTIMIZE(8,SPEED) BROWSE INCDIR(.\Inc) DEBUG OBJECTEXTE
                    -ND PRINT(.\Listings\main.lst) TABS(2) OBJECT(.\Objects\main.obj)

line level    source

   1          #include"regx52.h"
   2          #include"LCD1602.h"
   3          
   4          void main()
   5          {
   6   1        LCD_Init();
   7   1        LCD_ShowChar(1,1,'A');
   8   1        LCD_ShowString(1,3,"hello");
   9   1        while(1)
  10   1        {
  11   2      
  12   2        } 
  13   1      }


MODULE INFORMATION:   STATIC OVERLAYABLE
   CODE SIZE        =     27    ----
   CONSTANT SIZE    =      6    ----
   XDATA SIZE       =   ----    ----
   PDATA SIZE       =   ----    ----
   DATA SIZE        =   ----    ----
   IDATA SIZE       =   ----    ----
   BIT SIZE         =   ----    ----
END OF MODULE INFORMATION.


C51 COMPILATION COMPLETE.  0 WARNING(S),  0 ERROR(S)
