C51 COMPILER V9.59.0.0   MAIN                                                              01/27/2022 19:31:19 PAGE 1   


C51 COMPILER V9.59.0.0, COMPILATION OF MODULE MAIN
OBJECT MODULE PLACED IN .\Objects\main.obj
COMPILER INVOKED BY: C:\Program Files\MDK\C51\BIN\C51.EXE main.c OPTIMIZE(8,SPEED) BROWSE INCDIR(.\Inc) DEBUG OBJECTEXTE
                    -ND PRINT(.\Listings\main.lst) TABS(2) OBJECT(.\Objects\main.obj)

line level    source

   1          #include"regx52.h"
   2          #include"Delayms.h"
   3          
   4          void main()
   5          {
   6   1        while(1)
   7   1        {
   8   2          P2=0xFE;
   9   2            Delayms(100);
  10   2            P2=0xFD;
  11   2            Delayms(100);
  12   2            P2=0xFB;
  13   2            Delayms(100);
  14   2            P2=0xF7;
  15   2            Delayms(100);
  16   2            P2=0xEF;
  17   2            Delayms(100);
  18   2            P2=0xDF;
  19   2            Delayms(100);
  20   2            P2=0xBF;
  21   2            Delayms(100);
  22   2            P2=0x7F;
  23   2            Delayms(100);
  24   2        } 
  25   1      }


MODULE INFORMATION:   STATIC OVERLAYABLE
   CODE SIZE        =     66    ----
   CONSTANT SIZE    =   ----    ----
   XDATA SIZE       =   ----    ----
   PDATA SIZE       =   ----    ----
   DATA SIZE        =   ----    ----
   IDATA SIZE       =   ----    ----
   BIT SIZE         =   ----    ----
END OF MODULE INFORMATION.


C51 COMPILATION COMPLETE.  0 WARNING(S),  0 ERROR(S)
