C51 COMPILER V9.59.0.0   MAIN                                                              01/28/2022 13:25:02 PAGE 1   


C51 COMPILER V9.59.0.0, COMPILATION OF MODULE MAIN
OBJECT MODULE PLACED IN .\Objects\main.obj
COMPILER INVOKED BY: C:\Program Files\MDK\C51\BIN\C51.EXE main.c OPTIMIZE(8,SPEED) BROWSE INCDIR(.\Inc) DEBUG OBJECTEXTE
                    -ND PRINT(.\Listings\main.lst) TABS(2) OBJECT(.\Objects\main.obj)

line level    source

   1          #include"regx52.h"//引入51单片机头文件
   2          #include"Delayms.h"//引入延时函数
   3          
   4          
   5          void main()  //主函数
   6          {
   7   1          unsigned char LEDNum=0;
   8   1          while(1) //循环防止跑飞
   9   1          {
  10   2              if(P3_1==0)
  11   2              {
  12   3                Delayms(20);//按键检测
  13   3                while(P3_1==0);
  14   3                Delayms(20);
  15   3                
  16   3                LEDNum++;//P2口赋值，实现二进制移位的功能
  17   3                P2=~LEDNum;
  18   3              }
  19   2          }
  20   1        
  21   1      }


MODULE INFORMATION:   STATIC OVERLAYABLE
   CODE SIZE        =     28    ----
   CONSTANT SIZE    =   ----    ----
   XDATA SIZE       =   ----    ----
   PDATA SIZE       =   ----    ----
   DATA SIZE        =   ----       1
   IDATA SIZE       =   ----    ----
   BIT SIZE         =   ----    ----
END OF MODULE INFORMATION.


C51 COMPILATION COMPLETE.  0 WARNING(S),  0 ERROR(S)
