C51 COMPILER V9.59.0.0   MAIN                                                              01/28/2022 13:13:07 PAGE 1   


C51 COMPILER V9.59.0.0, COMPILATION OF MODULE MAIN
OBJECT MODULE PLACED IN .\Objects\main.obj
COMPILER INVOKED BY: C:\Program Files\MDK\C51\BIN\C51.EXE main.c OPTIMIZE(8,SPEED) BROWSE INCDIR(.\Inc) DEBUG OBJECTEXTE
                    -ND PRINT(.\Listings\main.lst) TABS(2) OBJECT(.\Objects\main.obj)

line level    source

   1          #include "REGX52.h"//52单片机的头文件
   2          #include "Delayms.h"//引入延时函数
   3          
   4          void main()
   5          {
   6   1        while(1)
   7   1        {
   8   2          if(P3_1==0)
   9   2          {
  10   3            Delayms(100);//消除抖动
  11   3            while(P3_1==0)//判断松开是否
  12   3            Delayms(100);//消除抖动
  13   3            P2_0=~P2_0;//控制LED灯的亮灭
  14   3          }
  15   2        }
  16   1        
  17   1      }


MODULE INFORMATION:   STATIC OVERLAYABLE
   CODE SIZE        =     19    ----
   CONSTANT SIZE    =   ----    ----
   XDATA SIZE       =   ----    ----
   PDATA SIZE       =   ----    ----
   DATA SIZE        =   ----    ----
   IDATA SIZE       =   ----    ----
   BIT SIZE         =   ----    ----
END OF MODULE INFORMATION.


C51 COMPILATION COMPLETE.  0 WARNING(S),  0 ERROR(S)
