C51 COMPILER V9.59.0.0   MAIN                                                              01/28/2022 13:09:06 PAGE 1   


C51 COMPILER V9.59.0.0, COMPILATION OF MODULE MAIN
OBJECT MODULE PLACED IN .\Objects\main.obj
COMPILER INVOKED BY: C:\Program Files\MDK\C51\BIN\C51.EXE main.c OPTIMIZE(8,SPEED) BROWSE INCDIR(.\Inc) DEBUG OBJECTEXTE
                    -ND PRINT(.\Listings\main.lst) TABS(2) OBJECT(.\Objects\main.obj)

line level    source

   1          #include"regx52.h"
   2          
   3          
   4          void main()  //主函数
   5          {
   6   1          while(1) //循环防止跑飞
   7   1          {
   8   2            if(P3_1==0) //按键检测输入值是否等于0，如果接地就置零
   9   2            {
  10   3              P2_0=0;//如果按键按下，LED端口就置零使LED亮
  11   3            }
  12   2            else
  13   2            {
  14   3              P2_0=1;//按键未按下（端口默认为1）LED端口置1，LED灭
  15   3            }
  16   2            
  17   2          }
  18   1          
  19   1      }


MODULE INFORMATION:   STATIC OVERLAYABLE
   CODE SIZE        =     11    ----
   CONSTANT SIZE    =   ----    ----
   XDATA SIZE       =   ----    ----
   PDATA SIZE       =   ----    ----
   DATA SIZE        =   ----    ----
   IDATA SIZE       =   ----    ----
   BIT SIZE         =   ----    ----
END OF MODULE INFORMATION.


C51 COMPILATION COMPLETE.  0 WARNING(S),  0 ERROR(S)
